<?xml version="1.0" encoding="UTF-8"?>
<testsuite xmlns:xsi="http://www.w3.org/2001/XMLSchema-instance" xsi:noNamespaceSchemaLocation="https://maven.apache.org/surefire/maven-surefire-plugin/xsd/surefire-test-report.xsd" version="3.0.2" name="com.example.digital_wardrobe.DigitalWardrobeApplicationTests" time="8.039" tests="1" errors="0" skipped="0" failures="0">
  <properties>
[...]
</properties>
  <testcase name="contextLoads" classname="com.example.digital_wardrobe.DigitalWardrobeApplicationTests" time="1.325">
    <system-out><![CDATA[Standard Commons Logging discovery in action with spring-jcl: please remove commons-logging.jar from classpath in order to avoid potential conflicts
15:39:49.518 [main] INFO org.springframework.test.context.support.AnnotationConfigContextLoaderUtils -- Could not detect default configuration classes for test class [com.example.digital_wardrobe.DigitalWardrobeApplicationTests]: DigitalWardrobeApplicationTests does not declare any static, non-private, non-final, nested classes annotated with @Configuration.
15:39:49.621 [main] INFO org.springframework.boot.test.context.SpringBootTestContextBootstrapper -- Found @SpringBootConfiguration com.example.digital_wardrobe.DigitalWardrobeApplication for test class com.example.digital_wardrobe.DigitalWardrobeApplicationTests
15:39:49.788 [main] INFO org.springframework.boot.devtools.restart.RestartApplicationListener -- Restart disabled due to context in which it is running

  .   ____          _            __ _ _
 /\\ / ___'_ __ _ _(_)_ __  __ _ \ \ \ \
( ( )\___ | '_ | '_| | '_ \/ _` | \ \ \ \
 \\/  ___)| |_)| | | | | || (_| |  ) ) ) )
  '  |____| .__|_| |_|_| |_\__, | / / / /
 =========|_|==============|___/=/_/_/_/

 :: Spring Boot ::       (v3.4.5-SNAPSHOT)

2025-06-04T15:39:50.055+09:00  INFO 63756 --- [digital_wardrobe] [           main] c.e.d.DigitalWardrobeApplicationTests    : Starting DigitalWardrobeApplicationTests using Java 21.0.6 with PID 63756 (started by qmffn in C:\Users\qmffn\git\2024-capston\digital_wardrobe)
2025-06-04T15:39:50.057+09:00  INFO 63756 --- [digital_wardrobe] [           main] c.e.d.DigitalWardrobeApplicationTests    : No active profile set, falling back to 1 default profile: "default"
2025-06-04T15:39:50.809+09:00  INFO 63756 --- [digital_wardrobe] [           main] .s.d.r.c.RepositoryConfigurationDelegate : Bootstrapping Spring Data MongoDB repositories in DEFAULT mode.
2025-06-04T15:39:50.852+09:00  INFO 63756 --- [digital_wardrobe] [           main] .s.d.r.c.RepositoryConfigurationDelegate : Finished Spring Data repository scanning in 37 ms. Found 5 MongoDB repository interfaces.
2025-06-04T15:39:50.853+09:00  INFO 63756 --- [digital_wardrobe] [           main] .s.d.r.c.RepositoryConfigurationDelegate : Bootstrapping Spring Data MongoDB repositories in DEFAULT mode.
2025-06-04T15:39:50.859+09:00  INFO 63756 --- [digital_wardrobe] [           main] .s.d.r.c.RepositoryConfigurationDelegate : Finished Spring Data repository scanning in 4 ms. Found 1 MongoDB repository interface.
2025-06-04T15:39:51.651+09:00  INFO 63756 --- [digital_wardrobe] [fon.mongodb.net] org.mongodb.driver.cluster               : Adding discovered server ac-claqhrh-shard-00-02.t2rbfon.mongodb.net:27017 to client view of cluster
2025-06-04T15:39:51.663+09:00  INFO 63756 --- [digital_wardrobe] [           main] org.mongodb.driver.client                : MongoClient with metadata {"driver": {"name": "mongo-java-driver|sync", "version": "5.2.1"}, "os": {"type": "Windows", "name": "Windows 11", "architecture": "amd64", "version": "10.0"}, "platform": "Java/Oracle Corporation/21.0.6+8-LTS-188"} created with settings MongoClientSettings{readPreference=primary, writeConcern=WriteConcern{w=null, wTimeout=null ms, journal=null}, retryWrites=true, retryReads=true, readConcern=ReadConcern{level=LOCAL}, credential=MongoCredential{mechanism=null, userName='s01035495574', source='admin', password=<hidden>, mechanismProperties=<hidden>}, transportSettings=null, commandListeners=[], codecRegistry=ProvidersCodecRegistry{codecProviders=[ValueCodecProvider{}, BsonValueCodecProvider{}, DBRefCodecProvider{}, DBObjectCodecProvider{}, DocumentCodecProvider{}, CollectionCodecProvider{}, IterableCodecProvider{}, MapCodecProvider{}, GeoJsonCodecProvider{}, GridFSFileCodecProvider{}, Jsr310CodecProvider{}, JsonObjectCodecProvider{}, BsonCodecProvider{}, EnumCodecProvider{}, com.mongodb.client.model.mql.ExpressionCodecProvider@3c19592c, com.mongodb.Jep395RecordCodecProvider@60e1d87c, com.mongodb.KotlinCodecProvider@2eb60c71]}, loggerSettings=LoggerSettings{maxDocumentLength=1000}, clusterSettings={hosts=[127.0.0.1:27017], srvHost=cluster0.t2rbfon.mongodb.net, srvServiceName=mongodb, mode=MULTIPLE, requiredClusterType=REPLICA_SET, requiredReplicaSetName='atlas-pnleo6-shard-0', serverSelector='null', clusterListeners='[]', serverSelectionTimeout='30000 ms', localThreshold='15 ms'}, socketSettings=SocketSettings{connectTimeoutMS=10000, readTimeoutMS=0, receiveBufferSize=0, proxySettings=ProxySettings{host=null, port=null, username=null, password=null}}, heartbeatSocketSettings=SocketSettings{connectTimeoutMS=10000, readTimeoutMS=10000, receiveBufferSize=0, proxySettings=ProxySettings{host=null, port=null, username=null, password=null}}, connectionPoolSettings=ConnectionPoolSettings{maxSize=100, minSize=0, maxWaitTimeMS=120000, maxConnectionLifeTimeMS=0, maxConnectionIdleTimeMS=0, maintenanceInitialDelayMS=0, maintenanceFrequencyMS=60000, connectionPoolListeners=[], maxConnecting=2}, serverSettings=ServerSettings{heartbeatFrequencyMS=10000, minHeartbeatFrequencyMS=500, serverMonitoringMode=AUTO, serverListeners='[]', serverMonitorListeners='[]'}, sslSettings=SslSettings{enabled=true, invalidHostNameAllowed=false, context=null}, applicationName='null', compressorList=[], uuidRepresentation=UNSPECIFIED, serverApi=null, autoEncryptionSettings=null, dnsClient=null, inetAddressResolver=null, contextProvider=null, timeoutMS=null}
2025-06-04T15:39:51.676+09:00  INFO 63756 --- [digital_wardrobe] [fon.mongodb.net] org.mongodb.driver.cluster               : Adding discovered server ac-claqhrh-shard-00-01.t2rbfon.mongodb.net:27017 to client view of cluster
2025-06-04T15:39:51.679+09:00  INFO 63756 --- [digital_wardrobe] [fon.mongodb.net] org.mongodb.driver.cluster               : Adding discovered server ac-claqhrh-shard-00-00.t2rbfon.mongodb.net:27017 to client view of cluster
2025-06-04T15:39:52.278+09:00  INFO 63756 --- [digital_wardrobe] [           main] org.mongodb.driver.client                : MongoClient with metadata {"driver": {"name": "mongo-java-driver|sync", "version": "5.2.1"}, "os": {"type": "Windows", "name": "Windows 11", "architecture": "amd64", "version": "10.0"}, "platform": "Java/Oracle Corporation/21.0.6+8-LTS-188"} created with settings MongoClientSettings{readPreference=primary, writeConcern=WriteConcern{w=null, wTimeout=null ms, journal=null}, retryWrites=true, retryReads=true, readConcern=ReadConcern{level=LOCAL}, credential=MongoCredential{mechanism=null, userName='yujung', source='admin', password=<hidden>, mechanismProperties=<hidden>}, transportSettings=null, commandListeners=[], codecRegistry=ProvidersCodecRegistry{codecProviders=[ValueCodecProvider{}, BsonValueCodecProvider{}, DBRefCodecProvider{}, DBObjectCodecProvider{}, DocumentCodecProvider{}, CollectionCodecProvider{}, IterableCodecProvider{}, MapCodecProvider{}, GeoJsonCodecProvider{}, GridFSFileCodecProvider{}, Jsr310CodecProvider{}, JsonObjectCodecProvider{}, BsonCodecProvider{}, EnumCodecProvider{}, com.mongodb.client.model.mql.ExpressionCodecProvider@3c19592c, com.mongodb.Jep395RecordCodecProvider@60e1d87c, com.mongodb.KotlinCodecProvider@2eb60c71]}, loggerSettings=LoggerSettings{maxDocumentLength=1000}, clusterSettings={hosts=[127.0.0.1:27017], srvHost=cluster0.ctmcxpz.mongodb.net, srvServiceName=mongodb, mode=MULTIPLE, requiredClusterType=REPLICA_SET, requiredReplicaSetName='atlas-e919yo-shard-0', serverSelector='null', clusterListeners='[]', serverSelectionTimeout='30000 ms', localThreshold='15 ms'}, socketSettings=SocketSettings{connectTimeoutMS=10000, readTimeoutMS=0, receiveBufferSize=0, proxySettings=ProxySettings{host=null, port=null, username=null, password=null}}, heartbeatSocketSettings=SocketSettings{connectTimeoutMS=10000, readTimeoutMS=10000, receiveBufferSize=0, proxySettings=ProxySettings{host=null, port=null, username=null, password=null}}, connectionPoolSettings=ConnectionPoolSettings{maxSize=100, minSize=0, maxWaitTimeMS=120000, maxConnectionLifeTimeMS=0, maxConnectionIdleTimeMS=0, maintenanceInitialDelayMS=0, maintenanceFrequencyMS=60000, connectionPoolListeners=[], maxConnecting=2}, serverSettings=ServerSettings{heartbeatFrequencyMS=10000, minHeartbeatFrequencyMS=500, serverMonitoringMode=AUTO, serverListeners='[]', serverMonitorListeners='[]'}, sslSettings=SslSettings{enabled=true, invalidHostNameAllowed=false, context=null}, applicationName='null', compressorList=[], uuidRepresentation=UNSPECIFIED, serverApi=null, autoEncryptionSettings=null, dnsClient=null, inetAddressResolver=null, contextProvider=null, timeoutMS=null}
2025-06-04T15:39:52.298+09:00  INFO 63756 --- [digital_wardrobe] [xpz.mongodb.net] org.mongodb.driver.cluster               : Adding discovered server ac-luzo7ib-shard-00-02.ctmcxpz.mongodb.net:27017 to client view of cluster
2025-06-04T15:39:52.302+09:00  INFO 63756 --- [digital_wardrobe] [xpz.mongodb.net] org.mongodb.driver.cluster               : Adding discovered server ac-luzo7ib-shard-00-01.ctmcxpz.mongodb.net:27017 to client view of cluster
2025-06-04T15:39:52.306+09:00  INFO 63756 --- [digital_wardrobe] [xpz.mongodb.net] org.mongodb.driver.cluster               : Adding discovered server ac-luzo7ib-shard-00-00.ctmcxpz.mongodb.net:27017 to client view of cluster
2025-06-04T15:39:52.579+09:00  INFO 63756 --- [digital_wardrobe] [ngodb.net:27017] org.mongodb.driver.cluster               : Monitor thread successfully connected to server with description ServerDescription{address=ac-claqhrh-shard-00-01.t2rbfon.mongodb.net:27017, type=REPLICA_SET_SECONDARY, cryptd=false, state=CONNECTED, ok=true, minWireVersion=0, maxWireVersion=25, maxDocumentSize=16777216, logicalSessionTimeoutMinutes=30, roundTripTimeNanos=483347000, minRoundTripTimeNanos=0, setName='atlas-pnleo6-shard-0', canonicalAddress=ac-claqhrh-shard-00-01.t2rbfon.mongodb.net:27017, hosts=[ac-claqhrh-shard-00-02.t2rbfon.mongodb.net:27017, ac-claqhrh-shard-00-01.t2rbfon.mongodb.net:27017, ac-claqhrh-shard-00-00.t2rbfon.mongodb.net:27017], passives=[], arbiters=[], primary='ac-claqhrh-shard-00-02.t2rbfon.mongodb.net:27017', tagSet=TagSet{[Tag{name='availabilityZone', value='apne2-az3'}, Tag{name='diskState', value='READY'}, Tag{name='nodeType', value='ELECTABLE'}, Tag{name='provider', value='AWS'}, Tag{name='region', value='AP_NORTHEAST_2'}, Tag{name='workloadType', value='OPERATIONAL'}]}, electionId=null, setVersion=7, topologyVersion=TopologyVersion{processId=683df4be95013e00d88faccd, counter=3}, lastWriteDate=Wed Jun 04 15:39:52 KST 2025, lastUpdateTimeNanos=1337034019188300}
2025-06-04T15:39:52.579+09:00  INFO 63756 --- [digital_wardrobe] [ngodb.net:27017] org.mongodb.driver.cluster               : Monitor thread successfully connected to server with description ServerDescription{address=ac-claqhrh-shard-00-02.t2rbfon.mongodb.net:27017, type=REPLICA_SET_PRIMARY, cryptd=false, state=CONNECTED, ok=true, minWireVersion=0, maxWireVersion=25, maxDocumentSize=16777216, logicalSessionTimeoutMinutes=30, roundTripTimeNanos=483263700, minRoundTripTimeNanos=0, setName='atlas-pnleo6-shard-0', canonicalAddress=ac-claqhrh-shard-00-02.t2rbfon.mongodb.net:27017, hosts=[ac-claqhrh-shard-00-02.t2rbfon.mongodb.net:27017, ac-claqhrh-shard-00-01.t2rbfon.mongodb.net:27017, ac-claqhrh-shard-00-00.t2rbfon.mongodb.net:27017], passives=[], arbiters=[], primary='ac-claqhrh-shard-00-02.t2rbfon.mongodb.net:27017', tagSet=TagSet{[Tag{name='availabilityZone', value='apne2-az2'}, Tag{name='diskState', value='READY'}, Tag{name='nodeType', value='ELECTABLE'}, Tag{name='provider', value='AWS'}, Tag{name='region', value='AP_NORTHEAST_2'}, Tag{name='workloadType', value='OPERATIONAL'}]}, electionId=7fffffff0000000000000027, setVersion=7, topologyVersion=TopologyVersion{processId=683df33a439e33eb32a5438f, counter=6}, lastWriteDate=Wed Jun 04 15:39:52 KST 2025, lastUpdateTimeNanos=1337034019104500}
2025-06-04T15:39:52.580+09:00  INFO 63756 --- [digital_wardrobe] [ngodb.net:27017] org.mongodb.driver.cluster               : Monitor thread successfully connected to server with description ServerDescription{address=ac-luzo7ib-shard-00-01.ctmcxpz.mongodb.net:27017, type=REPLICA_SET_PRIMARY, cryptd=false, state=CONNECTED, ok=true, minWireVersion=0, maxWireVersion=25, maxDocumentSize=16777216, logicalSessionTimeoutMinutes=30, roundTripTimeNanos=203594600, minRoundTripTimeNanos=0, setName='atlas-e919yo-shard-0', canonicalAddress=ac-luzo7ib-shard-00-01.ctmcxpz.mongodb.net:27017, hosts=[ac-luzo7ib-shard-00-00.ctmcxpz.mongodb.net:27017, ac-luzo7ib-shard-00-01.ctmcxpz.mongodb.net:27017, ac-luzo7ib-shard-00-02.ctmcxpz.mongodb.net:27017], passives=[], arbiters=[], primary='ac-luzo7ib-shard-00-01.ctmcxpz.mongodb.net:27017', tagSet=TagSet{[Tag{name='availabilityZone', value='apne2-az3'}, Tag{name='diskState', value='READY'}, Tag{name='nodeType', value='ELECTABLE'}, Tag{name='provider', value='AWS'}, Tag{name='region', value='AP_NORTHEAST_2'}, Tag{name='workloadType', value='OPERATIONAL'}]}, electionId=7fffffff0000000000000076, setVersion=6, topologyVersion=TopologyVersion{processId=682b60bc16b95c7e26e61692, counter=6}, lastWriteDate=Wed Jun 04 15:39:52 KST 2025, lastUpdateTimeNanos=1337034019102700}
2025-06-04T15:39:52.580+09:00  INFO 63756 --- [digital_wardrobe] [ngodb.net:27017] org.mongodb.driver.cluster               : Monitor thread successfully connected to server with description ServerDescription{address=ac-claqhrh-shard-00-00.t2rbfon.mongodb.net:27017, type=REPLICA_SET_SECONDARY, cryptd=false, state=CONNECTED, ok=true, minWireVersion=0, maxWireVersion=25, maxDocumentSize=16777216, logicalSessionTimeoutMinutes=30, roundTripTimeNanos=483275200, minRoundTripTimeNanos=0, setName='atlas-pnleo6-shard-0', canonicalAddress=ac-claqhrh-shard-00-00.t2rbfon.mongodb.net:27017, hosts=[ac-claqhrh-shard-00-02.t2rbfon.mongodb.net:27017, ac-claqhrh-shard-00-01.t2rbfon.mongodb.net:27017, ac-claqhrh-shard-00-00.t2rbfon.mongodb.net:27017], passives=[], arbiters=[], primary='ac-claqhrh-shard-00-02.t2rbfon.mongodb.net:27017', tagSet=TagSet{[Tag{name='availabilityZone', value='apne2-az1'}, Tag{name='diskState', value='READY'}, Tag{name='nodeType', value='ELECTABLE'}, Tag{name='provider', value='AWS'}, Tag{name='region', value='AP_NORTHEAST_2'}, Tag{name='workloadType', value='OPERATIONAL'}]}, electionId=null, setVersion=7, topologyVersion=TopologyVersion{processId=683df4180ab9d4c3de1f07a2, counter=4}, lastWriteDate=Wed Jun 04 15:39:52 KST 2025, lastUpdateTimeNanos=1337034019117200}
2025-06-04T15:39:52.580+09:00  INFO 63756 --- [digital_wardrobe] [ngodb.net:27017] org.mongodb.driver.cluster               : Monitor thread successfully connected to server with description ServerDescription{address=ac-luzo7ib-shard-00-02.ctmcxpz.mongodb.net:27017, type=REPLICA_SET_SECONDARY, cryptd=false, state=CONNECTED, ok=true, minWireVersion=0, maxWireVersion=25, maxDocumentSize=16777216, logicalSessionTimeoutMinutes=30, roundTripTimeNanos=215191900, minRoundTripTimeNanos=0, setName='atlas-e919yo-shard-0', canonicalAddress=ac-luzo7ib-shard-00-02.ctmcxpz.mongodb.net:27017, hosts=[ac-luzo7ib-shard-00-00.ctmcxpz.mongodb.net:27017, ac-luzo7ib-shard-00-01.ctmcxpz.mongodb.net:27017, ac-luzo7ib-shard-00-02.ctmcxpz.mongodb.net:27017], passives=[], arbiters=[], primary='ac-luzo7ib-shard-00-01.ctmcxpz.mongodb.net:27017', tagSet=TagSet{[Tag{name='availabilityZone', value='apne2-az2'}, Tag{name='diskState', value='READY'}, Tag{name='nodeType', value='ELECTABLE'}, Tag{name='provider', value='AWS'}, Tag{name='region', value='AP_NORTHEAST_2'}, Tag{name='workloadType', value='OPERATIONAL'}]}, electionId=null, setVersion=6, topologyVersion=TopologyVersion{processId=682b633c283504105ec00ba1, counter=3}, lastWriteDate=Wed Jun 04 15:39:52 KST 2025, lastUpdateTimeNanos=1337034019104800}
2025-06-04T15:39:52.580+09:00  INFO 63756 --- [digital_wardrobe] [ngodb.net:27017] org.mongodb.driver.cluster               : Monitor thread successfully connected to server with description ServerDescription{address=ac-luzo7ib-shard-00-00.ctmcxpz.mongodb.net:27017, type=REPLICA_SET_SECONDARY, cryptd=false, state=CONNECTED, ok=true, minWireVersion=0, maxWireVersion=25, maxDocumentSize=16777216, logicalSessionTimeoutMinutes=30, roundTripTimeNanos=207885800, minRoundTripTimeNanos=0, setName='atlas-e919yo-shard-0', canonicalAddress=ac-luzo7ib-shard-00-00.ctmcxpz.mongodb.net:27017, hosts=[ac-luzo7ib-shard-00-00.ctmcxpz.mongodb.net:27017, ac-luzo7ib-shard-00-01.ctmcxpz.mongodb.net:27017, ac-luzo7ib-shard-00-02.ctmcxpz.mongodb.net:27017], passives=[], arbiters=[], primary='ac-luzo7ib-shard-00-01.ctmcxpz.mongodb.net:27017', tagSet=TagSet{[Tag{name='availabilityZone', value='apne2-az1'}, Tag{name='diskState', value='READY'}, Tag{name='nodeType', value='ELECTABLE'}, Tag{name='provider', value='AWS'}, Tag{name='region', value='AP_NORTHEAST_2'}, Tag{name='workloadType', value='OPERATIONAL'}]}, electionId=null, setVersion=6, topologyVersion=TopologyVersion{processId=682b5d2494b4d0db3908cbe2, counter=4}, lastWriteDate=Wed Jun 04 15:39:52 KST 2025, lastUpdateTimeNanos=1337034019127700}
2025-06-04T15:39:52.587+09:00  INFO 63756 --- [digital_wardrobe] [ngodb.net:27017] org.mongodb.driver.cluster               : Discovered replica set primary ac-luzo7ib-shard-00-01.ctmcxpz.mongodb.net:27017 with max election id 7fffffff0000000000000076 and max set version 6
2025-06-04T15:39:52.588+09:00  INFO 63756 --- [digital_wardrobe] [ngodb.net:27017] org.mongodb.driver.cluster               : Discovered replica set primary ac-claqhrh-shard-00-02.t2rbfon.mongodb.net:27017 with max election id 7fffffff0000000000000027 and max set version 7
2025-06-04T15:39:54.421+09:00  INFO 63756 --- [digital_wardrobe] [           main] r$InitializeUserDetailsManagerConfigurer : Global AuthenticationManager configured with UserDetailsService bean with name userDetailsServiceImpl
2025-06-04T15:39:55.365+09:00  INFO 63756 --- [digital_wardrobe] [           main] o.s.v.b.OptionalValidatorFactoryBean     : Failed to set up a Bean Validation provider: jakarta.validation.NoProviderFoundException: Unable to create a Configuration, because no Jakarta Bean Validation provider could be found. Add a provider like Hibernate Validator (RI) to your classpath.
2025-06-04T15:39:55.771+09:00  INFO 63756 --- [digital_wardrobe] [           main] org.mongodb.driver.client                : MongoClient with metadata {"driver": {"name": "mongo-java-driver|sync|spring-boot", "version": "5.2.1"}, "os": {"type": "Windows", "name": "Windows 11", "architecture": "amd64", "version": "10.0"}, "platform": "Java/Oracle Corporation/21.0.6+8-LTS-188"} created with settings MongoClientSettings{readPreference=primary, writeConcern=WriteConcern{w=null, wTimeout=null ms, journal=null}, retryWrites=true, retryReads=true, readConcern=ReadConcern{level=MAJORITY}, credential=MongoCredential{mechanism=null, userName='yujung', source='admin', password=<hidden>, mechanismProperties=<hidden>}, transportSettings=null, commandListeners=[], codecRegistry=ProvidersCodecRegistry{codecProviders=[ValueCodecProvider{}, BsonValueCodecProvider{}, DBRefCodecProvider{}, DBObjectCodecProvider{}, DocumentCodecProvider{}, CollectionCodecProvider{}, IterableCodecProvider{}, MapCodecProvider{}, GeoJsonCodecProvider{}, GridFSFileCodecProvider{}, Jsr310CodecProvider{}, JsonObjectCodecProvider{}, BsonCodecProvider{}, EnumCodecProvider{}, com.mongodb.client.model.mql.ExpressionCodecProvider@3c19592c, com.mongodb.Jep395RecordCodecProvider@60e1d87c, com.mongodb.KotlinCodecProvider@2eb60c71]}, loggerSettings=LoggerSettings{maxDocumentLength=1000}, clusterSettings={hosts=[127.0.0.1:27017], srvHost=cluster0.ctmcxpz.mongodb.net, srvServiceName=mongodb, mode=MULTIPLE, requiredClusterType=REPLICA_SET, requiredReplicaSetName='atlas-e919yo-shard-0', serverSelector='null', clusterListeners='[]', serverSelectionTimeout='30000 ms', localThreshold='15 ms'}, socketSettings=SocketSettings{connectTimeoutMS=10000, readTimeoutMS=0, receiveBufferSize=0, proxySettings=ProxySettings{host=null, port=null, username=null, password=null}}, heartbeatSocketSettings=SocketSettings{connectTimeoutMS=10000, readTimeoutMS=10000, receiveBufferSize=0, proxySettings=ProxySettings{host=null, port=null, username=null, password=null}}, connectionPoolSettings=ConnectionPoolSettings{maxSize=100, minSize=0, maxWaitTimeMS=120000, maxConnectionLifeTimeMS=0, maxConnectionIdleTimeMS=0, maintenanceInitialDelayMS=0, maintenanceFrequencyMS=60000, connectionPoolListeners=[], maxConnecting=2}, serverSettings=ServerSettings{heartbeatFrequencyMS=10000, minHeartbeatFrequencyMS=500, serverMonitoringMode=AUTO, serverListeners='[]', serverMonitorListeners='[]'}, sslSettings=SslSettings{enabled=true, invalidHostNameAllowed=false, context=null}, applicationName='null', compressorList=[], uuidRepresentation=JAVA_LEGACY, serverApi=null, autoEncryptionSettings=null, dnsClient=null, inetAddressResolver=null, contextProvider=null, timeoutMS=null}
2025-06-04T15:39:55.788+09:00  INFO 63756 --- [digital_wardrobe] [xpz.mongodb.net] org.mongodb.driver.cluster               : Adding discovered server ac-luzo7ib-shard-00-02.ctmcxpz.mongodb.net:27017 to client view of cluster
2025-06-04T15:39:55.790+09:00  INFO 63756 --- [digital_wardrobe] [xpz.mongodb.net] org.mongodb.driver.cluster               : Adding discovered server ac-luzo7ib-shard-00-01.ctmcxpz.mongodb.net:27017 to client view of cluster
2025-06-04T15:39:55.793+09:00  INFO 63756 --- [digital_wardrobe] [xpz.mongodb.net] org.mongodb.driver.cluster               : Adding discovered server ac-luzo7ib-shard-00-00.ctmcxpz.mongodb.net:27017 to client view of cluster
2025-06-04T15:39:55.922+09:00  INFO 63756 --- [digital_wardrobe] [ngodb.net:27017] org.mongodb.driver.cluster               : Monitor thread successfully connected to server with description ServerDescription{address=ac-luzo7ib-shard-00-02.ctmcxpz.mongodb.net:27017, type=REPLICA_SET_SECONDARY, cryptd=false, state=CONNECTED, ok=true, minWireVersion=0, maxWireVersion=25, maxDocumentSize=16777216, logicalSessionTimeoutMinutes=30, roundTripTimeNanos=89471500, minRoundTripTimeNanos=0, setName='atlas-e919yo-shard-0', canonicalAddress=ac-luzo7ib-shard-00-02.ctmcxpz.mongodb.net:27017, hosts=[ac-luzo7ib-shard-00-00.ctmcxpz.mongodb.net:27017, ac-luzo7ib-shard-00-01.ctmcxpz.mongodb.net:27017, ac-luzo7ib-shard-00-02.ctmcxpz.mongodb.net:27017], passives=[], arbiters=[], primary='ac-luzo7ib-shard-00-01.ctmcxpz.mongodb.net:27017', tagSet=TagSet{[Tag{name='availabilityZone', value='apne2-az2'}, Tag{name='diskState', value='READY'}, Tag{name='nodeType', value='ELECTABLE'}, Tag{name='provider', value='AWS'}, Tag{name='region', value='AP_NORTHEAST_2'}, Tag{name='workloadType', value='OPERATIONAL'}]}, electionId=null, setVersion=6, topologyVersion=TopologyVersion{processId=682b633c283504105ec00ba1, counter=3}, lastWriteDate=Wed Jun 04 15:39:55 KST 2025, lastUpdateTimeNanos=1337037368539600}
2025-06-04T15:39:55.925+09:00  INFO 63756 --- [digital_wardrobe] [ngodb.net:27017] org.mongodb.driver.cluster               : Monitor thread successfully connected to server with description ServerDescription{address=ac-luzo7ib-shard-00-00.ctmcxpz.mongodb.net:27017, type=REPLICA_SET_SECONDARY, cryptd=false, state=CONNECTED, ok=true, minWireVersion=0, maxWireVersion=25, maxDocumentSize=16777216, logicalSessionTimeoutMinutes=30, roundTripTimeNanos=84852900, minRoundTripTimeNanos=0, setName='atlas-e919yo-shard-0', canonicalAddress=ac-luzo7ib-shard-00-00.ctmcxpz.mongodb.net:27017, hosts=[ac-luzo7ib-shard-00-00.ctmcxpz.mongodb.net:27017, ac-luzo7ib-shard-00-01.ctmcxpz.mongodb.net:27017, ac-luzo7ib-shard-00-02.ctmcxpz.mongodb.net:27017], passives=[], arbiters=[], primary='ac-luzo7ib-shard-00-01.ctmcxpz.mongodb.net:27017', tagSet=TagSet{[Tag{name='availabilityZone', value='apne2-az1'}, Tag{name='diskState', value='READY'}, Tag{name='nodeType', value='ELECTABLE'}, Tag{name='provider', value='AWS'}, Tag{name='region', value='AP_NORTHEAST_2'}, Tag{name='workloadType', value='OPERATIONAL'}]}, electionId=null, setVersion=6, topologyVersion=TopologyVersion{processId=682b5d2494b4d0db3908cbe2, counter=4}, lastWriteDate=Wed Jun 04 15:39:55 KST 2025, lastUpdateTimeNanos=1337037370985800}
2025-06-04T15:39:55.934+09:00  INFO 63756 --- [digital_wardrobe] [ngodb.net:27017] org.mongodb.driver.cluster               : Monitor thread successfully connected to server with description ServerDescription{address=ac-luzo7ib-shard-00-01.ctmcxpz.mongodb.net:27017, type=REPLICA_SET_PRIMARY, cryptd=false, state=CONNECTED, ok=true, minWireVersion=0, maxWireVersion=25, maxDocumentSize=16777216, logicalSessionTimeoutMinutes=30, roundTripTimeNanos=94559200, minRoundTripTimeNanos=0, setName='atlas-e919yo-shard-0', canonicalAddress=ac-luzo7ib-shard-00-01.ctmcxpz.mongodb.net:27017, hosts=[ac-luzo7ib-shard-00-00.ctmcxpz.mongodb.net:27017, ac-luzo7ib-shard-00-01.ctmcxpz.mongodb.net:27017, ac-luzo7ib-shard-00-02.ctmcxpz.mongodb.net:27017], passives=[], arbiters=[], primary='ac-luzo7ib-shard-00-01.ctmcxpz.mongodb.net:27017', tagSet=TagSet{[Tag{name='availabilityZone', value='apne2-az3'}, Tag{name='diskState', value='READY'}, Tag{name='nodeType', value='ELECTABLE'}, Tag{name='provider', value='AWS'}, Tag{name='region', value='AP_NORTHEAST_2'}, Tag{name='workloadType', value='OPERATIONAL'}]}, electionId=7fffffff0000000000000076, setVersion=6, topologyVersion=TopologyVersion{processId=682b60bc16b95c7e26e61692, counter=6}, lastWriteDate=Wed Jun 04 15:39:56 KST 2025, lastUpdateTimeNanos=1337037380693100}
2025-06-04T15:39:55.935+09:00  INFO 63756 --- [digital_wardrobe] [ngodb.net:27017] org.mongodb.driver.cluster               : Discovered replica set primary ac-luzo7ib-shard-00-01.ctmcxpz.mongodb.net:27017 with max election id 7fffffff0000000000000076 and max set version 6
2025-06-04T15:39:56.031+09:00  INFO 63756 --- [digital_wardrobe] [           main] c.e.d.DigitalWardrobeApplicationTests    : Started DigitalWardrobeApplicationTests in 6.254 seconds (process running for 7.228)
]]></system-out>
    <system-err><![CDATA[Mockito is currently self-attaching to enable the inline-mock-maker. This will no longer work in future releases of the JDK. Please add Mockito as an agent to your build what is described in Mockito's documentation: https://javadoc.io/doc/org.mockito/mockito-core/latest/org/mockito/Mockito.html#0.3
WARNING: A Java agent has been loaded dynamically (C:\Users\qmffn\.m2\repository\net\bytebuddy\byte-buddy-agent\1.15.11\byte-buddy-agent-1.15.11.jar)
WARNING: If a serviceability tool is in use, please run with -XX:+EnableDynamicAgentLoading to hide this warning
WARNING: If a serviceability tool is not in use, please run with -Djdk.instrument.traceUsage for more information
WARNING: Dynamic loading of agents will be disallowed by default in a future release
]]></system-err>
  </testcase>
</testsuite>